# JRE version: OpenJDK Runtime Environment (17.0.6) (build 17.0.6+0-17.0.6b802.4-9586694)
# Java VM: OpenJDK 64-Bit Server VM (17.0.6+0-17.0.6b802.4-9586694, mixed mode, tiered, compressed oops, compressed class ptrs, g1 gc, linux-amd64)
GC Precious Log:
 CPUs: 4 total, 4 available
 Memory: 3841M
 Large Page Support: Disabled
 NUMA Support: Disabled
 Compressed Oops: Enabled (32-bit)
 Heap Region Size: 1M
 Heap Min Capacity: 8M
 Heap Initial Capacity: 62M
 Heap Max Capacity: 2G
 Pre-touch: Disabled
 Parallel Workers: 4
 Concurrent Workers: 1
 Concurrent Refinement Workers: 4
 Periodic GC: Disabled
Heap:
 garbage-first heap   total 418816K, used 237737K [0x0000000080000000, 0x0000000100000000)
  region size 1024K, 1 young (1024K), 1 survivors (1024K)
 Metaspace       used 115422K, committed 116160K, reserved 1155072K
  class space    used 15580K, committed 15936K, reserved 1048576K
GC Heap History (20 events):
Event: 47.909 GC heap after
{Heap after GC invocations=48 (full 0):
 garbage-first heap   total 334848K, used 194905K [0x0000000080000000, 0x0000000100000000)
  region size 1024K, 8 young (8192K), 8 survivors (8192K)
 Metaspace       used 107299K, committed 107968K, reserved 1146880K
  class space    used 14605K, committed 14912K, reserved 1048576K
}
Event: 50.072 GC heap before
{Heap before GC invocations=48 (full 0):
 garbage-first heap   total 334848K, used 253273K [0x0000000080000000, 0x0000000100000000)
  region size 1024K, 66 young (67584K), 8 survivors (8192K)
 Metaspace       used 109358K, committed 110016K, reserved 1146880K
  class space    used 14907K, committed 15232K, reserved 1048576K
}
Event: 50.125 GC heap after
{Heap after GC invocations=49 (full 0):
 garbage-first heap   total 334848K, used 220160K [0x0000000080000000, 0x0000000100000000)
  region size 1024K, 9 young (9216K), 9 survivors (9216K)
 Metaspace       used 109358K, committed 110016K, reserved 1146880K
  class space    used 14907K, committed 15232K, reserved 1048576K
}
Event: 51.012 GC heap before
{Heap before GC invocations=49 (full 0):
 garbage-first heap   total 334848K, used 261120K [0x0000000080000000, 0x0000000100000000)
  region size 1024K, 50 young (51200K), 9 survivors (9216K)
 Metaspace       used 110887K, committed 111552K, reserved 1146880K
  class space    used 15122K, committed 15424K, reserved 1048576K
}
Event: 51.058 GC heap after
{Heap after GC invocations=50 (full 0):
 garbage-first heap   total 334848K, used 225141K [0x0000000080000000, 0x0000000100000000)
  region size 1024K, 4 young (4096K), 4 survivors (4096K)
 Metaspace       used 110887K, committed 111552K, reserved 1146880K
  class space    used 15122K, committed 15424K, reserved 1048576K
}
Event: 56.513 GC heap before
{Heap before GC invocations=50 (full 0):
 garbage-first heap   total 378880K, used 255861K [0x0000000080000000, 0x0000000100000000)
  region size 1024K, 46 young (47104K), 4 survivors (4096K)
 Metaspace       used 111614K, committed 112320K, reserved 1146880K
  class space    used 15221K, committed 15552K, reserved 1048576K
}
Event: 56.800 GC heap after
{Heap after GC invocations=51 (full 0):
 garbage-first heap   total 378880K, used 219099K [0x0000000080000000, 0x0000000100000000)
  region size 1024K, 6 young (6144K), 6 survivors (6144K)
 Metaspace       used 111614K, committed 112320K, reserved 1146880K
  class space    used 15221K, committed 15552K, reserved 1048576K
}
Event: 58.535 GC heap before
{Heap before GC invocations=52 (full 0):
 garbage-first heap   total 378880K, used 291803K [0x0000000080000000, 0x0000000100000000)
  region size 1024K, 76 young (77824K), 6 survivors (6144K)
 Metaspace       used 113328K, committed 114048K, reserved 1155072K
  class space    used 15393K, committed 15744K, reserved 1048576K
}
Event: 58.561 GC heap after
{Heap after GC invocations=53 (full 0):
 garbage-first heap   total 378880K, used 223405K [0x0000000080000000, 0x0000000100000000)
  region size 1024K, 8 young (8192K), 8 survivors (8192K)
 Metaspace       used 113328K, committed 114048K, reserved 1155072K
  class space    used 15393K, committed 15744K, reserved 1048576K
}
Event: 58.596 GC heap before
{Heap before GC invocations=53 (full 0):
 garbage-first heap   total 378880K, used 233645K [0x0000000080000000, 0x0000000100000000)
  region size 1024K, 18 young (18432K), 8 survivors (8192K)
 Metaspace       used 113476K, committed 114176K, reserved 1155072K
  class space    used 15406K, committed 15744K, reserved 1048576K
}
Event: 58.615 GC heap after
{Heap after GC invocations=54 (full 0):
 garbage-first heap   total 378880K, used 220532K [0x0000000080000000, 0x0000000100000000)
  region size 1024K, 2 young (2048K), 2 survivors (2048K)
 Metaspace       used 113476K, committed 114176K, reserved 1155072K
  class space    used 15406K, committed 15744K, reserved 1048576K
}
Event: 59.585 GC heap before
{Heap before GC invocations=54 (full 0):
 garbage-first heap   total 378880K, used 301428K [0x0000000080000000, 0x0000000100000000)
  region size 1024K, 77 young (78848K), 2 survivors (2048K)
 Metaspace       used 114783K, committed 115456K, reserved 1155072K
  class space    used 15546K, committed 15872K, reserved 1048576K
}
Event: 59.602 GC heap after
{Heap after GC invocations=55 (full 0):
 garbage-first heap   total 378880K, used 232706K [0x0000000080000000, 0x0000000100000000)
  region size 1024K, 9 young (9216K), 9 survivors (9216K)
 Metaspace       used 114783K, committed 115456K, reserved 1155072K
  class space    used 15546K, committed 15872K, reserved 1048576K
}
Event: 59.881 GC heap before
{Heap before GC invocations=55 (full 0):
 garbage-first heap   total 378880K, used 272642K [0x0000000080000000, 0x0000000100000000)
  region size 1024K, 49 young (50176K), 9 survivors (9216K)
 Metaspace       used 115065K, committed 115712K, reserved 1155072K
  class space    used 15550K, committed 15872K, reserved 1048576K
}
Event: 59.896 GC heap after
{Heap after GC invocations=56 (full 0):
 garbage-first heap   total 378880K, used 228783K [0x0000000080000000, 0x0000000100000000)
  region size 1024K, 1 young (1024K), 1 survivors (1024K)
 Metaspace       used 115065K, committed 115712K, reserved 1155072K
  class space    used 15550K, committed 15872K, reserved 1048576K
}
Event: 61.601 GC heap before
{Heap before GC invocations=57 (full 0):
 garbage-first heap   total 418816K, used 319919K [0x0000000080000000, 0x0000000100000000)
  region size 1024K, 80 young (81920K), 1 survivors (1024K)
 Metaspace       used 115369K, committed 116096K, reserved 1155072K
  class space    used 15579K, committed 15936K, reserved 1048576K
}
Event: 61.613 GC heap after
{Heap after GC invocations=58 (full 0):
 garbage-first heap   total 418816K, used 243101K [0x0000000080000000, 0x0000000100000000)
  region size 1024K, 8 young (8192K), 8 survivors (8192K)
 Metaspace       used 115369K, committed 116096K, reserved 1155072K
  class space    used 15579K, committed 15936K, reserved 1048576K
}
Event: 61.654 GC heap before
{Heap before GC invocations=58 (full 0):
 garbage-first heap   total 418816K, used 254365K [0x0000000080000000, 0x0000000100000000)
  region size 1024K, 20 young (20480K), 8 survivors (8192K)
 Metaspace       used 115387K, committed 116096K, reserved 1155072K
  class space    used 15579K, committed 15936K, reserved 1048576K
}
Event: 61.670 GC heap after
{Heap after GC invocations=59 (full 0):
 garbage-first heap   total 418816K, used 238759K [0x0000000080000000, 0x0000000100000000)
  region size 1024K, 2 young (2048K), 2 survivors (2048K)
 Metaspace       used 115387K, committed 116096K, reserved 1155072K
  class space    used 15579K, committed 15936K, reserved 1048576K
}
Event: 62.603 GC heap before
{Heap before GC invocations=59 (full 0):
 garbage-first heap   total 418816K, used 339111K [0x0000000080000000, 0x0000000100000000)
  region size 1024K, 101 young (103424K), 2 survivors (2048K)
 Metaspace       used 115422K, committed 116160K, reserved 1155072K
  class space    used 15580K, committed 15936K, reserved 1048576K
}

